<?xml version="1.0" encoding="UTF-8"?>
<testng-results ignored="0" total="1" passed="1" failed="0" skipped="0">
  <reporter-output>
  </reporter-output>
  <suite started-at="2019-09-16T16:31:10 IST" name="Default suite" finished-at="2019-09-16T16:31:12 IST" duration-ms="2675">
    <groups>
    </groups>
    <test started-at="2019-09-16T16:31:10 IST" name="Default test" finished-at="2019-09-16T16:31:12 IST" duration-ms="2675">
      <class name="RestAssured.ValidateHeader">
        <test-method signature="validateAllHeaders()[pri:0, instance:RestAssured.ValidateHeader@f79e]" started-at="2019-09-16T16:31:10 IST" name="validateAllHeaders" finished-at="2019-09-16T16:31:12 IST" duration-ms="2625" status="PASS">
          <reporter-output>
          </reporter-output>
        </test-method> <!-- validateAllHeaders -->
      </class> <!-- RestAssured.ValidateHeader -->
    </test> <!-- Default test -->
  </suite> <!-- Default suite -->
</testng-results>
